2024-01-20 17:09:17 Loading main app package /usr/lib/obsidian/obsidian.asar
2024-01-20 17:09:19 Checking for update using Github
2024-01-20 17:09:19 Success.
2024-01-20 17:09:19 Latest version is 1.5.3
2024-01-20 17:09:19 App is up to date.
2024-01-22 12:20:18 Loading main app package /usr/lib/obsidian/obsidian.asar
2024-01-22 12:20:21 Checking for update using Github
2024-01-22 12:20:21 Success.
2024-01-22 12:20:21 Latest version is 1.5.3
2024-01-22 12:20:21 App is up to date.
2024-01-22 13:30:36 Checking for update using Github
2024-01-22 13:30:36 Success.
2024-01-22 13:30:36 Latest version is 1.5.3
2024-01-22 13:30:36 App is up to date.
2024-01-22 14:30:36 Checking for update using Github
2024-01-22 14:30:36 Success.
2024-01-22 14:30:36 Latest version is 1.5.3
2024-01-22 14:30:36 App is up to date.
2024-01-22 15:30:36 Checking for update using Github
2024-01-22 15:30:36 Success.
2024-01-22 15:30:36 Latest version is 1.5.3
2024-01-22 15:30:36 App is up to date.
2024-01-22 17:58:53 Checking for update using Github
2024-01-22 17:58:53 Success.
2024-01-22 17:58:53 Latest version is 1.5.3
2024-01-22 17:58:53 App is up to date.
2024-01-22 19:07:25 Checking for update using Github
2024-01-22 19:07:25 Success.
2024-01-22 19:07:25 Latest version is 1.5.3
2024-01-22 19:07:25 App is up to date.
2024-01-23 16:19:56 Loading main app package /usr/lib/obsidian/obsidian.asar
2024-01-23 16:19:56 Checking for update using Github
2024-01-23 16:19:56 Success.
2024-01-23 16:19:56 Latest version is 1.5.3
2024-01-23 16:19:56 App is up to date.
2024-01-24 12:12:52 Checking for update using Github
2024-01-24 12:12:52 Success.
2024-01-24 12:12:52 Latest version is 1.5.3
2024-01-24 12:12:52 App is up to date.
2024-01-25 13:01:54 Loading main app package /usr/lib/obsidian/obsidian.asar
2024-01-25 13:01:56 Checking for update using Github
2024-01-25 13:01:57 Success.
2024-01-25 13:01:57 Latest version is 1.5.3
2024-01-25 13:01:57 App is up to date.
2024-01-25 14:01:54 Checking for update using Github
2024-01-25 14:01:54 Success.
2024-01-25 14:01:54 Latest version is 1.5.3
2024-01-25 14:01:54 App is up to date.
2024-01-26 09:52:46 Loading main app package /usr/lib/obsidian/obsidian.asar
2024-01-26 09:52:49 Checking for update using Github
2024-01-26 09:52:49 Success.
2024-01-26 09:52:49 Latest version is 1.5.3
2024-01-26 09:52:49 App is up to date.
2024-01-26 11:19:17 Checking for update using Github
2024-01-26 11:19:17 Success.
2024-01-26 11:19:17 Latest version is 1.5.3
2024-01-26 11:19:17 App is up to date.
2024-01-26 12:19:17 Checking for update using Github
2024-01-26 12:19:17 Failed to check for update using Github (net::ERR_INTERNET_DISCONNECTED)
2024-01-26 12:19:17 Checking for update using obsidian.md
2024-01-26 12:19:17 Failed to check for update using obsidian.md (net::ERR_INTERNET_DISCONNECTED)
2024-01-28 15:15:30 Loading main app package /usr/lib/obsidian/obsidian.asar
2024-01-28 15:15:30 Checking for update using Github
2024-01-28 15:15:30 Success.
2024-01-28 15:15:30 Latest version is 1.5.3
2024-01-28 15:15:30 App is up to date.
2024-01-28 16:15:30 Checking for update using Github
2024-01-28 16:15:30 Success.
2024-01-28 16:15:30 Latest version is 1.5.3
2024-01-28 16:15:30 App is up to date.
2024-01-29 09:05:07 Loading main app package /usr/lib/obsidian/obsidian.asar
2024-01-29 09:05:09 Checking for update using Github
2024-01-29 09:05:09 Success.
2024-01-29 09:05:09 Latest version is 1.5.3
2024-01-29 09:05:09 App is up to date.
2024-01-29 10:12:30 Checking for update using Github
2024-01-29 10:12:30 Success.
2024-01-29 10:12:30 Latest version is 1.5.3
2024-01-29 10:12:30 App is up to date.
2024-01-29 13:23:12 Loading main app package /usr/lib/obsidian/obsidian.asar
2024-01-29 13:23:12 Checking for update using Github
2024-01-29 13:23:13 Success.
2024-01-29 13:23:13 Latest version is 1.5.3
2024-01-29 13:23:13 App is up to date.
2024-01-29 14:23:12 Checking for update using Github
2024-01-29 14:23:12 Success.
2024-01-29 14:23:12 Latest version is 1.5.3
2024-01-29 14:23:12 App is up to date.
2024-01-29 15:23:12 Checking for update using Github
2024-01-29 15:23:13 Success.
2024-01-29 15:23:13 Latest version is 1.5.3
2024-01-29 15:23:13 App is up to date.
2024-01-29 16:57:38 Loading main app package /usr/lib/obsidian/obsidian.asar
2024-01-29 16:57:40 Checking for update using Github
2024-01-29 16:57:40 Success.
2024-01-29 16:57:40 Latest version is 1.5.3
2024-01-29 16:57:40 App is up to date.
2024-01-29 17:57:38 Checking for update using Github
2024-01-29 17:57:38 Success.
2024-01-29 17:57:38 Latest version is 1.5.3
2024-01-29 17:57:38 App is up to date.
2024-01-29 18:17:24 Loading main app package /usr/lib/obsidian/obsidian.asar
2024-01-29 18:17:24 Checking for update using Github
2024-01-29 18:59:15 Checking for update using Github
2024-01-29 18:59:15 Success.
2024-01-29 18:59:15 Latest version is 1.5.3
2024-01-29 18:59:15 App is up to date.
2024-01-30 09:18:27 Checking for update using Github
2024-01-30 09:18:27 Success.
2024-01-30 09:18:27 Latest version is 1.5.3
2024-01-30 09:18:27 App is up to date.
2024-01-30 10:18:27 Checking for update using Github
2024-01-30 10:18:27 Success.
2024-01-30 10:18:27 Latest version is 1.5.3
2024-01-30 10:18:27 App is up to date.
2024-01-30 11:19:42 Checking for update using Github
2024-01-30 11:19:42 Success.
2024-01-30 11:19:42 Latest version is 1.5.3
2024-01-30 11:19:42 App is up to date.
2024-01-30 12:15:24 Loading main app package /usr/lib/obsidian/obsidian.asar
2024-01-30 12:15:24 Checking for update using Github
2024-01-30 12:15:25 Success.
2024-01-30 12:15:25 Latest version is 1.5.3
2024-01-30 12:15:25 App is up to date.
2024-01-30 13:31:11 Checking for update using Github
2024-01-30 13:31:11 Success.
2024-01-30 13:31:11 Latest version is 1.5.3
2024-01-30 13:31:11 App is up to date.
2024-01-30 14:31:11 Checking for update using Github
2024-01-30 14:31:11 Success.
2024-01-30 14:31:11 Latest version is 1.5.3
2024-01-30 14:31:11 App is up to date.
2024-01-31 11:20:43 Loading main app package /usr/lib/obsidian/obsidian.asar
2024-01-31 11:20:43 Checking for update using Github
2024-01-31 11:20:43 Success.
2024-01-31 11:20:43 Latest version is 1.5.3
2024-01-31 11:20:43 App is up to date.
2024-02-01 13:07:36 Loading main app package /usr/lib/obsidian/obsidian.asar
2024-02-01 13:07:39 Checking for update using Github
2024-02-01 13:07:39 Success.
2024-02-01 13:07:39 Latest version is 1.5.3
2024-02-01 13:07:39 App is up to date.
2024-02-01 14:07:37 Checking for update using Github
2024-02-01 14:07:37 Success.
2024-02-01 14:07:37 Latest version is 1.5.3
2024-02-01 14:07:37 App is up to date.
2024-02-01 15:41:10 Checking for update using Github
2024-02-01 15:41:10 Success.
2024-02-01 15:41:10 Latest version is 1.5.3
2024-02-01 15:41:10 App is up to date.
2024-02-02 11:23:39 Checking for update using Github
2024-02-02 11:23:39 Success.
2024-02-02 11:23:39 Latest version is 1.5.3
2024-02-02 11:23:39 App is up to date.
2024-02-02 12:23:39 Checking for update using Github
2024-02-02 12:23:39 Success.
2024-02-02 12:23:39 Latest version is 1.5.3
2024-02-02 12:23:39 App is up to date.
2024-02-03 12:00:01 Loading main app package /usr/lib/obsidian/obsidian.asar
2024-02-03 12:00:02 Checking for update using Github
2024-02-03 12:00:02 Success.
2024-02-03 12:00:02 Latest version is 1.5.3
2024-02-03 12:00:02 App is up to date.
2024-02-04 15:19:55 Checking for update using Github
2024-02-04 15:19:55 Success.
2024-02-04 15:19:55 Latest version is 1.5.3
2024-02-04 15:19:55 App is up to date.
2024-02-05 16:08:07 Loading main app package /usr/lib/obsidian/obsidian.asar
2024-02-05 16:08:09 Checking for update using Github
2024-02-05 16:08:09 Success.
2024-02-05 16:08:09 Latest version is 1.5.3
2024-02-05 16:08:09 App is up to date.
2024-02-05 17:15:29 Checking for update using Github
2024-02-05 17:15:29 Success.
2024-02-05 17:15:29 Latest version is 1.5.3
2024-02-05 17:15:29 App is up to date.
2024-02-05 18:47:22 Checking for update using Github
2024-02-05 18:47:22 Success.
2024-02-05 18:47:22 Latest version is 1.5.3
2024-02-05 18:47:22 App is up to date.
2024-02-06 11:11:36 Loading main app package /usr/lib/obsidian/obsidian.asar
2024-02-06 11:11:38 Checking for update using Github
2024-02-06 11:11:38 Success.
2024-02-06 11:11:38 Latest version is 1.5.3
2024-02-06 11:11:38 App is up to date.
2024-02-07 07:40:23 Checking for update using Github
2024-02-08 11:10:34 Loading main app package /usr/lib/obsidian/obsidian.asar
2024-02-08 11:10:36 Checking for update using Github
2024-02-08 11:10:36 Success.
2024-02-08 11:10:36 Latest version is 1.5.3
2024-02-08 11:10:36 App is up to date.
2024-02-08 12:33:39 Checking for update using Github
2024-02-08 12:33:39 Success.
2024-02-08 12:33:39 Latest version is 1.5.3
2024-02-08 12:33:39 App is up to date.
2024-02-08 13:33:39 Checking for update using Github
2024-02-08 13:33:39 Success.
2024-02-08 13:33:39 Latest version is 1.5.3
2024-02-08 13:33:39 App is up to date.
2024-02-08 15:19:22 Checking for update using Github
2024-02-08 15:19:22 Success.
2024-02-08 15:19:22 Latest version is 1.5.3
2024-02-08 15:19:22 App is up to date.
2024-02-08 16:19:24 Checking for update using Github
2024-02-08 16:19:24 Success.
2024-02-08 16:19:24 Latest version is 1.5.3
2024-02-08 16:19:24 App is up to date.
2024-02-08 17:24:41 Checking for update using Github
2024-02-08 17:24:41 Success.
2024-02-08 17:24:41 Latest version is 1.5.3
2024-02-08 17:24:41 App is up to date.
2024-02-09 08:21:44 Loading main app package /usr/lib/obsidian/obsidian.asar
2024-02-09 08:21:46 Checking for update using Github
2024-02-09 08:21:46 Success.
2024-02-09 08:21:46 Latest version is 1.5.3
2024-02-09 08:21:46 App is up to date.
2024-02-09 09:21:44 Checking for update using Github
2024-02-09 09:21:44 Success.
2024-02-09 09:21:44 Latest version is 1.5.3
2024-02-09 09:21:44 App is up to date.
2024-02-09 10:21:44 Checking for update using Github
2024-02-09 10:21:44 Success.
2024-02-09 10:21:44 Latest version is 1.5.3
2024-02-09 10:21:44 App is up to date.
2024-02-09 11:21:44 Checking for update using Github
2024-02-09 11:21:44 Success.
2024-02-09 11:21:44 Latest version is 1.5.3
2024-02-09 11:21:44 App is up to date.
2024-02-09 12:21:44 Checking for update using Github
2024-02-09 12:21:44 Success.
2024-02-09 12:21:44 Latest version is 1.5.3
2024-02-09 12:21:44 App is up to date.
2024-02-09 14:03:11 Checking for update using Github
2024-02-09 14:03:11 Success.
2024-02-09 14:03:11 Latest version is 1.5.3
2024-02-09 14:03:11 App is up to date.
2024-02-09 15:03:12 Checking for update using Github
2024-02-09 15:03:12 Success.
2024-02-09 15:03:12 Latest version is 1.5.3
2024-02-09 15:03:12 App is up to date.
2024-02-12 09:16:44 Loading main app package /usr/lib/obsidian/obsidian.asar
2024-02-12 09:16:44 Checking for update using Github
2024-02-12 09:16:45 Success.
2024-02-12 09:16:45 Latest version is 1.5.3
2024-02-12 09:16:45 App is up to date.
2024-02-12 10:16:42 Checking for update using Github
2024-02-12 10:16:42 Success.
2024-02-12 10:16:42 Latest version is 1.5.3
2024-02-12 10:16:42 App is up to date.
2024-02-12 17:20:51 Loading main app package /usr/lib/obsidian/obsidian.asar
2024-02-12 17:20:51 Checking for update using Github
2024-02-12 17:20:52 Success.
2024-02-12 17:20:52 Latest version is 1.5.3
2024-02-12 17:20:52 App is up to date.
2024-02-12 18:20:52 Checking for update using Github
2024-02-12 18:20:52 Success.
2024-02-12 18:20:52 Latest version is 1.5.3
2024-02-12 18:20:52 App is up to date.
2024-02-12 19:29:55 Checking for update using Github
2024-02-12 19:29:55 Success.
2024-02-12 19:29:55 Latest version is 1.5.3
2024-02-12 19:29:55 App is up to date.
2024-02-13 14:04:16 Checking for update using Github
2024-02-13 14:04:16 Success.
2024-02-13 14:04:16 Latest version is 1.5.3
2024-02-13 14:04:16 App is up to date.
2024-02-13 15:04:16 Checking for update using Github
2024-02-13 15:04:16 Success.
2024-02-13 15:04:16 Latest version is 1.5.3
2024-02-13 15:04:16 App is up to date.
2024-02-13 16:04:16 Checking for update using Github
2024-02-13 16:04:17 Success.
2024-02-13 16:04:17 Latest version is 1.5.3
2024-02-13 16:04:17 App is up to date.
2024-02-13 16:13:21 Loading main app package /usr/lib/obsidian/obsidian.asar
2024-02-13 16:13:21 Checking for update using Github
2024-02-13 16:14:57 Loading main app package /usr/lib/obsidian/obsidian.asar
2024-02-13 16:14:57 Checking for update using Github
2024-02-14 11:50:24 Checking for update using Github
2024-02-14 11:50:24 Success.
2024-02-14 11:50:24 Latest version is 1.5.3
2024-02-14 11:50:24 App is up to date.
2024-02-14 12:50:24 Checking for update using Github
2024-02-14 12:50:24 Success.
2024-02-14 12:50:24 Latest version is 1.5.3
2024-02-14 12:50:24 App is up to date.
2024-02-14 13:50:24 Checking for update using Github
2024-02-14 13:50:24 Success.
2024-02-14 13:50:24 Latest version is 1.5.3
2024-02-14 13:50:24 App is up to date.
2024-02-14 14:50:25 Checking for update using Github
2024-02-14 14:50:25 Success.
2024-02-14 14:50:25 Latest version is 1.5.3
2024-02-14 14:50:25 App is up to date.
2024-02-14 15:50:25 Checking for update using Github
2024-02-14 15:50:25 Success.
2024-02-14 15:50:25 Latest version is 1.5.3
2024-02-14 15:50:25 App is up to date.
2024-02-14 16:50:25 Checking for update using Github
2024-02-14 16:50:25 Success.
2024-02-14 16:50:25 Latest version is 1.5.3
2024-02-14 16:50:25 App is up to date.
2024-02-15 07:49:52 Checking for update using Github
2024-02-15 07:49:52 Success.
2024-02-15 07:49:52 Latest version is 1.5.3
2024-02-15 07:49:52 App is up to date.
2024-02-15 08:49:52 Checking for update using Github
2024-02-15 08:49:52 Success.
2024-02-15 08:49:52 Latest version is 1.5.3
2024-02-15 08:49:52 App is up to date.
2024-02-15 09:49:52 Checking for update using Github
2024-02-15 09:49:52 Success.
2024-02-15 09:49:52 Latest version is 1.5.3
2024-02-15 09:49:52 App is up to date.
2024-02-15 15:09:18 Checking for update using Github
2024-02-15 15:09:19 Success.
2024-02-15 15:09:19 Latest version is 1.5.3
2024-02-15 15:09:19 App is up to date.
2024-02-15 16:36:05 Checking for update using Github
2024-02-15 16:36:05 Success.
2024-02-15 16:36:05 Latest version is 1.5.3
2024-02-15 16:36:05 App is up to date.
2024-02-15 17:36:05 Checking for update using Github
2024-02-15 17:36:05 Success.
2024-02-15 17:36:05 Latest version is 1.5.3
2024-02-15 17:36:05 App is up to date.
2024-02-15 18:36:05 Checking for update using Github
2024-02-15 18:36:05 Success.
2024-02-15 18:36:05 Latest version is 1.5.3
2024-02-15 18:36:05 App is up to date.
2024-02-15 19:36:05 Checking for update using Github
2024-02-15 19:36:05 Success.
2024-02-15 19:36:05 Latest version is 1.5.3
2024-02-15 19:36:05 App is up to date.
2024-02-15 20:36:05 Checking for update using Github
2024-02-15 20:36:05 Success.
2024-02-15 20:36:05 Latest version is 1.5.3
2024-02-15 20:36:05 App is up to date.
2024-02-16 07:36:50 Loading main app package /usr/lib/obsidian/obsidian.asar
2024-02-16 07:36:53 Checking for update using Github
2024-02-16 07:36:53 Success.
2024-02-16 07:36:53 Latest version is 1.5.3
2024-02-16 07:36:53 App is up to date.
2024-02-16 08:36:50 Checking for update using Github
2024-02-16 08:36:51 Success.
2024-02-16 08:36:51 Latest version is 1.5.3
2024-02-16 08:36:51 App is up to date.
2024-02-16 09:36:51 Checking for update using Github
2024-02-16 09:36:51 Success.
2024-02-16 09:36:51 Latest version is 1.5.3
2024-02-16 09:36:51 App is up to date.
2024-02-16 10:36:51 Checking for update using Github
2024-02-16 10:36:51 Success.
2024-02-16 10:36:51 Latest version is 1.5.3
2024-02-16 10:36:51 App is up to date.
2024-02-16 11:36:51 Checking for update using Github
2024-02-16 11:36:51 Success.
2024-02-16 11:36:51 Latest version is 1.5.3
2024-02-16 11:36:51 App is up to date.
2024-02-16 12:36:51 Checking for update using Github
2024-02-16 12:36:51 Success.
2024-02-16 12:36:51 Latest version is 1.5.3
2024-02-16 12:36:51 App is up to date.
2024-02-19 12:16:33 Loading main app package /usr/lib/obsidian/obsidian.asar
2024-02-19 12:16:35 Checking for update using Github
2024-02-19 12:16:36 Success.
2024-02-19 12:16:36 Latest version is 1.5.3
2024-02-19 12:16:36 App is up to date.
2024-02-19 17:01:52 Loading main app package /usr/lib/obsidian/obsidian.asar
2024-02-19 17:01:52 Checking for update using Github
2024-02-19 17:01:52 Success.
2024-02-19 17:01:52 Latest version is 1.5.3
2024-02-19 17:01:52 App is up to date.
2024-02-19 18:01:52 Checking for update using Github
2024-02-19 18:01:53 Success.
2024-02-19 18:01:53 Latest version is 1.5.3
2024-02-19 18:01:53 App is up to date.
2024-02-19 19:01:52 Checking for update using Github
2024-02-19 19:01:55 Success.
2024-02-19 19:01:55 Latest version is 1.5.3
2024-02-19 19:01:55 App is up to date.
2024-02-20 13:46:52 Loading main app package /usr/lib/obsidian/obsidian.asar
2024-02-20 13:46:54 Checking for update using Github
2024-02-20 13:46:54 Success.
2024-02-20 13:46:54 Latest version is 1.5.3
2024-02-20 13:46:54 App is up to date.
2024-02-20 14:46:52 Checking for update using Github
2024-02-20 14:46:52 Success.
2024-02-20 14:46:52 Latest version is 1.5.3
2024-02-20 14:46:52 App is up to date.
2024-02-20 17:44:16 Checking for update using Github
2024-02-20 17:44:16 Success.
2024-02-20 17:44:16 Latest version is 1.5.3
2024-02-20 17:44:16 App is up to date.
2024-02-21 16:02:53 Checking for update using Github
2024-02-21 16:02:53 Success.
2024-02-21 16:02:53 Latest version is 1.5.3
2024-02-21 16:02:53 App is up to date.
2024-02-21 17:02:53 Checking for update using Github
2024-02-21 17:02:53 Success.
2024-02-21 17:02:53 Latest version is 1.5.3
2024-02-21 17:02:53 App is up to date.
2024-02-22 17:00:28 Checking for update using Github
2024-02-22 17:00:28 Success.
2024-02-22 17:00:28 Latest version is 1.5.8
2024-02-22 17:00:28 Downloading update from https://github.com/obsidianmd/obsidian-releases/releases/download/v1.5.8/obsidian-1.5.8.asar.gz
2024-02-22 17:00:29 Verifying hash & signature. Size= 8652806
2024-02-22 17:00:29 Saving file
2024-02-22 17:00:29 Update complete.
2024-03-01 13:38:11 Loading updated app package /home/tesdap/.config/obsidian/obsidian-1.5.8.asar
2024-03-01 13:38:11 Checking for update using Github
2024-03-01 13:38:11 Success.
2024-03-01 13:38:11 Latest version is 1.5.8
2024-03-01 13:38:11 App is up to date.
2024-03-06 15:04:57 Loading main app package /usr/lib/obsidian/obsidian.asar
2024-03-06 15:04:59 Checking for update using Github
2024-03-06 15:04:59 Success.
2024-03-06 15:04:59 Latest version is 1.5.8
2024-03-06 15:04:59 App is up to date.
2024-03-06 16:08:06 Checking for update using Github
2024-03-06 16:08:06 Success.
2024-03-06 16:08:06 Latest version is 1.5.8
2024-03-06 16:08:06 App is up to date.
2024-03-06 17:08:06 Checking for update using Github
2024-03-06 17:08:06 Success.
2024-03-06 17:08:06 Latest version is 1.5.8
2024-03-06 17:08:06 App is up to date.
2024-03-07 13:22:37 Loading main app package /usr/lib/obsidian/obsidian.asar
2024-03-07 13:22:39 Checking for update using Github
2024-03-07 13:22:39 Success.
2024-03-07 13:22:39 Latest version is 1.5.8
2024-03-07 13:22:39 App is up to date.
2024-03-07 14:32:54 Checking for update using Github
2024-03-07 14:32:55 Success.
2024-03-07 14:32:55 Latest version is 1.5.8
2024-03-07 14:32:55 App is up to date.
2024-03-07 15:32:55 Checking for update using Github
2024-03-07 15:32:55 Success.
2024-03-07 15:32:55 Latest version is 1.5.8
2024-03-07 15:32:55 App is up to date.
2024-03-11 17:23:59 Checking for update using Github
2024-03-11 17:23:59 Success.
2024-03-11 17:23:59 Latest version is 1.5.8
2024-03-11 17:23:59 App is up to date.
2024-03-11 18:23:54 Checking for update using Github
2024-03-11 18:23:54 Success.
2024-03-11 18:23:54 Latest version is 1.5.8
2024-03-11 18:23:54 App is up to date.
2024-03-11 19:23:54 Checking for update using Github
2024-03-11 19:23:55 Success.
2024-03-11 19:23:55 Latest version is 1.5.8
2024-03-11 19:23:55 App is up to date.
2024-03-12 15:24:55 Checking for update using Github
2024-03-12 15:24:55 Success.
2024-03-12 15:24:55 Latest version is 1.5.8
2024-03-12 15:24:55 App is up to date.
2024-03-12 16:24:55 Checking for update using Github
2024-03-12 16:24:55 Success.
2024-03-12 16:24:55 Latest version is 1.5.8
2024-03-12 16:24:55 App is up to date.
2024-03-12 17:24:55 Checking for update using Github
2024-03-12 17:24:55 Success.
2024-03-12 17:24:55 Latest version is 1.5.8
2024-03-12 17:24:55 App is up to date.
2024-03-13 10:53:41 Checking for update using Github
2024-03-13 10:53:41 Success.
2024-03-13 10:53:41 Latest version is 1.5.8
2024-03-13 10:53:41 App is up to date.
2024-03-13 15:05:02 Checking for update using Github
2024-03-13 15:05:02 Success.
2024-03-13 15:05:02 Latest version is 1.5.8
2024-03-13 15:05:02 App is up to date.
2024-03-13 15:05:05 Loading main app package /usr/lib/obsidian/obsidian.asar
2024-03-13 15:05:05 Checking for update using Github
2024-03-13 15:05:05 Success.
2024-03-13 15:05:05 Latest version is 1.5.8
2024-03-13 15:05:05 App is up to date.
2024-03-13 16:46:00 Checking for update using Github
2024-03-13 16:46:00 Success.
2024-03-13 16:46:00 Latest version is 1.5.8
2024-03-13 16:46:00 App is up to date.
2024-03-14 15:50:03 Checking for update using Github
2024-03-14 15:50:03 Success.
2024-03-14 15:50:03 Latest version is 1.5.8
2024-03-14 15:50:03 App is up to date.
2024-03-14 16:50:03 Checking for update using Github
2024-03-14 16:50:03 Success.
2024-03-14 16:50:03 Latest version is 1.5.8
2024-03-14 16:50:03 App is up to date.
2024-03-15 09:13:38 Checking for update using Github
2024-03-15 09:13:38 Success.
2024-03-15 09:13:38 Latest version is 1.5.8
2024-03-15 09:13:38 App is up to date.
2024-03-15 10:13:38 Checking for update using Github
2024-03-15 10:13:39 Success.
2024-03-15 10:13:39 Latest version is 1.5.8
2024-03-15 10:13:39 App is up to date.
2024-03-15 11:13:39 Checking for update using Github
2024-03-15 11:13:39 Success.
2024-03-15 11:13:39 Latest version is 1.5.8
2024-03-15 11:13:39 App is up to date.
2024-03-15 12:13:39 Checking for update using Github
2024-03-15 12:13:39 Success.
2024-03-15 12:13:39 Latest version is 1.5.8
2024-03-15 12:13:39 App is up to date.
2024-03-16 13:57:26 Checking for update using Github
2024-03-16 13:57:26 Success.
2024-03-16 13:57:26 Latest version is 1.5.8
2024-03-16 13:57:26 App is up to date.
2024-03-18 19:16:50 Loading main app package /usr/lib/obsidian/obsidian.asar
2024-03-18 19:16:50 Checking for update using Github
2024-03-18 19:16:50 Success.
2024-03-18 19:16:50 Latest version is 1.5.8
2024-03-18 19:16:50 App is up to date.
2024-03-19 09:51:43 Checking for update using Github
2024-03-19 09:51:43 Success.
2024-03-19 09:51:43 Latest version is 1.5.8
2024-03-19 09:51:43 App is up to date.
2024-03-19 10:51:43 Checking for update using Github
2024-03-19 10:51:43 Success.
2024-03-19 10:51:43 Latest version is 1.5.8
2024-03-19 10:51:43 App is up to date.
2024-03-19 12:52:18 Checking for update using Github
2024-03-19 12:52:18 Success.
2024-03-19 12:52:18 Latest version is 1.5.8
2024-03-19 12:52:18 App is up to date.
2024-03-19 14:22:09 Checking for update using Github
2024-03-19 14:22:09 Success.
2024-03-19 14:22:09 Latest version is 1.5.8
2024-03-19 14:22:09 App is up to date.
2024-03-19 15:22:09 Checking for update using Github
2024-03-19 15:22:09 Success.
2024-03-19 15:22:09 Latest version is 1.5.8
2024-03-19 15:22:09 App is up to date.
2024-03-19 16:22:09 Checking for update using Github
2024-03-19 16:22:09 Success.
2024-03-19 16:22:09 Latest version is 1.5.11
2024-03-19 16:22:09 Downloading update from https://github.com/obsidianmd/obsidian-releases/releases/download/v1.5.11/obsidian-1.5.11.asar.gz
2024-03-19 16:22:11 Verifying hash & signature. Size= 8781777
2024-03-19 16:22:11 Saving file
2024-03-19 16:22:11 Update complete.
2024-03-20 15:01:47 Loading updated app package /home/tesdap/.config/obsidian/obsidian-1.5.11.asar
2024-03-20 15:01:48 Checking for update using Github
2024-03-20 15:01:48 Success.
2024-03-20 15:01:48 Latest version is 1.5.11
2024-03-20 15:01:48 App is up to date.
2024-03-20 16:12:23 Checking for update using Github
2024-03-20 16:12:24 Success.
2024-03-20 16:12:24 Latest version is 1.5.11
2024-03-20 16:12:24 App is up to date.
2024-03-21 11:43:25 Checking for update using Github
2024-03-21 11:43:25 Success.
2024-03-21 11:43:25 Latest version is 1.5.11
2024-03-21 11:43:25 App is up to date.
2024-03-21 15:00:22 Checking for update using Github
2024-03-21 15:00:22 Success.
2024-03-21 15:00:22 Latest version is 1.5.11
2024-03-21 15:00:22 App is up to date.
2024-03-21 16:00:22 Checking for update using Github
2024-03-21 16:00:22 Success.
2024-03-21 16:00:22 Latest version is 1.5.11
2024-03-21 16:00:22 App is up to date.
2024-03-21 17:00:22 Checking for update using Github
2024-03-21 17:00:22 Success.
2024-03-21 17:00:22 Latest version is 1.5.11
2024-03-21 17:00:22 App is up to date.
2024-03-21 18:00:22 Checking for update using Github
2024-03-21 18:00:22 Success.
2024-03-21 18:00:22 Latest version is 1.5.11
2024-03-21 18:00:22 App is up to date.
2024-03-21 19:00:22 Checking for update using Github
2024-03-21 19:00:22 Success.
2024-03-21 19:00:22 Latest version is 1.5.11
2024-03-21 19:00:22 App is up to date.
2024-03-21 20:00:22 Checking for update using Github
2024-03-21 20:00:22 Success.
2024-03-21 20:00:22 Latest version is 1.5.11
2024-03-21 20:00:22 App is up to date.
2024-03-21 21:00:22 Checking for update using Github
2024-03-21 21:00:22 Success.
2024-03-21 21:00:22 Latest version is 1.5.11
2024-03-21 21:00:22 App is up to date.
2024-03-22 09:04:56 Checking for update using Github
2024-03-22 09:04:56 Success.
2024-03-22 09:04:56 Latest version is 1.5.11
2024-03-22 09:04:56 App is up to date.
2024-03-22 10:04:56 Checking for update using Github
2024-03-22 10:04:56 Success.
2024-03-22 10:04:56 Latest version is 1.5.11
2024-03-22 10:04:56 App is up to date.
2024-03-22 11:04:56 Checking for update using Github
2024-03-22 11:04:56 Success.
2024-03-22 11:04:56 Latest version is 1.5.11
2024-03-22 11:04:56 App is up to date.
2024-03-22 12:04:56 Checking for update using Github
2024-03-22 12:04:56 Success.
2024-03-22 12:04:56 Latest version is 1.5.11
2024-03-22 12:04:56 App is up to date.
2024-04-01 17:49:11 Loading main app package /usr/lib/obsidian/obsidian.asar
2024-04-01 17:49:11 Checking for update using Github
2024-04-01 17:49:11 Success.
2024-04-01 17:49:11 Latest version is 1.5.12
2024-04-01 17:49:11 Downloading update from https://github.com/obsidianmd/obsidian-releases/releases/download/v1.5.12/obsidian-1.5.12.asar.gz
2024-04-01 17:49:13 Verifying hash & signature. Size= 8781526
2024-04-01 17:49:13 Saving file
2024-04-01 17:49:14 Update complete.
2024-04-02 09:49:50 Checking for update using Github
2024-04-02 09:49:50 Success.
2024-04-02 09:49:50 Latest version is 1.5.12
2024-04-02 09:49:50 An update is already downloaded.
2024-04-02 10:49:50 Checking for update using Github
2024-04-02 10:49:50 Success.
2024-04-02 10:49:50 Latest version is 1.5.12
2024-04-02 10:49:50 An update is already downloaded.
2024-04-02 14:46:53 Checking for update using Github
2024-04-02 14:46:53 Success.
2024-04-02 14:46:53 Latest version is 1.5.12
2024-04-02 14:46:53 An update is already downloaded.
2024-04-03 09:45:56 Checking for update using Github
2024-04-03 09:45:56 Success.
2024-04-03 09:45:56 Latest version is 1.5.12
2024-04-03 09:45:56 An update is already downloaded.
2024-04-03 10:45:56 Checking for update using Github
2024-04-03 10:45:57 Success.
2024-04-03 10:45:57 Latest version is 1.5.12
2024-04-03 10:45:57 An update is already downloaded.
2024-04-03 11:45:56 Checking for update using Github
2024-04-03 11:45:57 Success.
2024-04-03 11:45:57 Latest version is 1.5.12
2024-04-03 11:45:57 An update is already downloaded.
2024-04-03 12:45:57 Checking for update using Github
2024-04-03 12:45:57 Success.
2024-04-03 12:45:57 Latest version is 1.5.12
2024-04-03 12:45:57 An update is already downloaded.
2024-04-03 14:07:36 Loading updated app package /home/tesdap/.config/obsidian/obsidian-1.5.12.asar
2024-04-03 14:07:36 Checking for update using Github
2024-04-03 14:07:36 Success.
2024-04-03 14:07:36 Latest version is 1.5.12
2024-04-03 14:07:36 App is up to date.
2024-04-03 15:11:04 Checking for update using Github
2024-04-03 15:11:04 Success.
2024-04-03 15:11:04 Latest version is 1.5.12
2024-04-03 15:11:04 App is up to date.
2024-04-04 09:50:31 Loading main app package /usr/lib/obsidian/obsidian.asar
2024-04-04 09:50:33 Checking for update using Github
2024-04-04 09:50:33 Success.
2024-04-04 09:50:33 Latest version is 1.5.12
2024-04-04 09:50:33 App is up to date.
2024-04-04 11:41:05 Checking for update using Github
2024-04-04 11:41:05 Success.
2024-04-04 11:41:05 Latest version is 1.5.12
2024-04-04 11:41:05 App is up to date.
2024-04-04 12:41:05 Checking for update using Github
2024-04-04 12:41:05 Success.
2024-04-04 12:41:05 Latest version is 1.5.12
2024-04-04 12:41:05 App is up to date.
2024-04-04 14:02:10 Checking for update using Github
2024-04-04 14:02:10 Success.
2024-04-04 14:02:10 Latest version is 1.5.12
2024-04-04 14:02:10 App is up to date.
2024-04-04 15:02:10 Checking for update using Github
2024-04-04 15:02:10 Success.
2024-04-04 15:02:10 Latest version is 1.5.12
2024-04-04 15:02:10 App is up to date.
2024-04-08 09:35:40 Checking for update using Github
2024-04-08 09:35:40 Success.
2024-04-08 09:35:40 Latest version is 1.5.12
2024-04-08 09:35:40 App is up to date.
2024-04-08 16:29:37 Loading main app package /usr/lib/obsidian/obsidian.asar
2024-04-08 16:29:37 Checking for update using Github
2024-04-08 16:29:37 Success.
2024-04-08 16:29:37 Latest version is 1.5.12
2024-04-08 16:29:37 App is up to date.
2024-04-08 17:29:37 Checking for update using Github
2024-04-08 17:29:37 Success.
2024-04-08 17:29:37 Latest version is 1.5.12
2024-04-08 17:29:37 App is up to date.
2024-04-08 18:29:37 Checking for update using Github
2024-04-08 18:29:37 Success.
2024-04-08 18:29:37 Latest version is 1.5.12
2024-04-08 18:29:37 App is up to date.
2024-04-09 10:03:00 Checking for update using Github
2024-04-09 10:03:00 Success.
2024-04-09 10:03:00 Latest version is 1.5.12
2024-04-09 10:03:00 App is up to date.
2024-04-09 11:03:00 Checking for update using Github
2024-04-09 11:03:01 Success.
2024-04-09 11:03:01 Latest version is 1.5.12
2024-04-09 11:03:01 App is up to date.
2024-04-10 13:10:19 Loading main app package /usr/lib/obsidian/obsidian.asar
2024-04-10 13:10:22 Checking for update using Github
2024-04-10 13:10:22 Success.
2024-04-10 13:10:22 Latest version is 1.5.12
2024-04-10 13:10:22 App is up to date.
2024-04-10 14:37:09 Checking for update using Github
2024-04-10 14:37:09 Success.
2024-04-10 14:37:09 Latest version is 1.5.12
2024-04-10 14:37:09 App is up to date.
2024-04-11 16:37:26 Checking for update using Github
2024-04-11 16:37:27 Success.
2024-04-11 16:37:27 Latest version is 1.5.12
2024-04-11 16:37:27 App is up to date.
2024-04-11 17:37:27 Checking for update using Github
2024-04-11 17:37:27 Success.
2024-04-11 17:37:27 Latest version is 1.5.12
2024-04-11 17:37:27 App is up to date.
2024-04-15 19:08:01 Loading main app package /usr/lib/obsidian/obsidian.asar
2024-04-15 19:08:01 Checking for update using Github
2024-04-15 19:08:01 Success.
2024-04-15 19:08:01 Latest version is 1.5.12
2024-04-15 19:08:01 App is up to date.
2024-04-15 20:08:01 Checking for update using Github
2024-04-15 20:08:01 Success.
2024-04-15 20:08:01 Latest version is 1.5.12
2024-04-15 20:08:01 App is up to date.
2024-04-16 12:16:47 Loading main app package /usr/lib/obsidian/obsidian.asar
2024-04-16 12:16:50 Checking for update using Github
2024-04-16 12:16:50 Success.
2024-04-16 12:16:50 Latest version is 1.5.12
2024-04-16 12:16:50 App is up to date.
2024-04-17 15:31:26 Loading main app package /usr/lib/obsidian/obsidian.asar
2024-04-17 15:31:26 Checking for update using Github
2024-04-17 15:31:27 Success.
2024-04-17 15:31:27 Latest version is 1.5.12
2024-04-17 15:31:27 App is up to date.
2024-04-17 16:31:26 Checking for update using Github
2024-04-17 16:31:26 Success.
2024-04-17 16:31:26 Latest version is 1.5.12
2024-04-17 16:31:26 App is up to date.
2024-04-18 15:00:05 Loading main app package /usr/lib/obsidian/obsidian.asar
2024-04-18 15:00:05 Checking for update using Github
2024-04-18 15:00:05 Success.
2024-04-18 15:00:05 Latest version is 1.5.12
2024-04-18 15:00:05 App is up to date.
2024-04-18 16:00:05 Checking for update using Github
2024-04-18 16:00:05 Success.
2024-04-18 16:00:05 Latest version is 1.5.12
2024-04-18 16:00:05 App is up to date.
2024-04-18 17:00:05 Checking for update using Github
2024-04-18 17:00:05 Success.
2024-04-18 17:00:05 Latest version is 1.5.12
2024-04-18 17:00:05 App is up to date.
2024-04-18 18:00:05 Checking for update using Github
2024-04-18 18:00:05 Success.
2024-04-18 18:00:05 Latest version is 1.5.12
2024-04-18 18:00:05 App is up to date.
2024-04-22 18:41:41 Loading main app package /usr/lib/obsidian/obsidian.asar
2024-04-22 18:41:42 Checking for update using Github
2024-04-22 18:41:42 Success.
2024-04-22 18:41:42 Latest version is 1.5.12
2024-04-22 18:41:42 App is up to date.
2024-04-22 19:41:41 Checking for update using Github
2024-04-22 19:41:41 Success.
2024-04-22 19:41:41 Latest version is 1.5.12
2024-04-22 19:41:41 App is up to date.
2024-04-22 20:41:41 Checking for update using Github
2024-04-22 20:41:42 Success.
2024-04-22 20:41:42 Latest version is 1.5.12
2024-04-22 20:41:42 App is up to date.
2024-04-22 21:41:42 Checking for update using Github
2024-04-22 21:41:42 Failed to check for update using Github (net::ERR_INTERNET_DISCONNECTED)
2024-04-22 21:41:42 Checking for update using obsidian.md
2024-04-22 21:41:42 Failed to check for update using obsidian.md (net::ERR_INTERNET_DISCONNECTED)
2024-04-22 22:41:42 Checking for update using Github
2024-04-22 22:41:42 Success.
2024-04-22 22:41:42 Latest version is 1.5.12
2024-04-22 22:41:42 App is up to date.
2024-04-22 23:41:42 Checking for update using Github
2024-04-22 23:41:42 Success.
2024-04-22 23:41:42 Latest version is 1.5.12
2024-04-22 23:41:42 App is up to date.
2024-04-23 00:41:42 Checking for update using Github
2024-04-23 00:41:42 Success.
2024-04-23 00:41:42 Latest version is 1.5.12
2024-04-23 00:41:42 App is up to date.
2024-04-23 01:41:42 Checking for update using Github
2024-04-23 01:41:42 Success.
2024-04-23 01:41:42 Latest version is 1.5.12
2024-04-23 01:41:42 App is up to date.
2024-04-23 02:41:42 Checking for update using Github
2024-04-23 02:41:42 Success.
2024-04-23 02:41:42 Latest version is 1.5.12
2024-04-23 02:41:42 App is up to date.
2024-04-23 14:23:36 Loading main app package /usr/lib/obsidian/obsidian.asar
2024-04-23 14:23:36 Checking for update using Github
2024-04-23 14:23:36 Success.
2024-04-23 14:23:36 Latest version is 1.5.12
2024-04-23 14:23:36 App is up to date.
2024-04-23 15:23:36 Checking for update using Github
2024-04-23 15:23:36 Success.
2024-04-23 15:23:36 Latest version is 1.5.12
2024-04-23 15:23:36 App is up to date.
2024-04-23 16:23:36 Checking for update using Github
2024-04-23 16:23:36 Success.
2024-04-23 16:23:36 Latest version is 1.5.12
2024-04-23 16:23:36 App is up to date.
2024-04-23 17:23:36 Checking for update using Github
2024-04-23 17:23:36 Success.
2024-04-23 17:23:36 Latest version is 1.5.12
2024-04-23 17:23:36 App is up to date.
2024-04-23 18:23:36 Checking for update using Github
2024-04-23 18:23:36 Success.
2024-04-23 18:23:36 Latest version is 1.5.12
2024-04-23 18:23:36 App is up to date.
2024-04-25 12:03:33 Loading main app package /usr/lib/obsidian/obsidian.asar
2024-04-25 12:03:35 Checking for update using Github
2024-04-25 12:03:36 Success.
2024-04-25 12:03:36 Latest version is 1.5.12
2024-04-25 12:03:36 App is up to date.
2024-04-25 13:03:33 Checking for update using Github
2024-04-25 13:03:33 Success.
2024-04-25 13:03:33 Latest version is 1.5.12
2024-04-25 13:03:33 App is up to date.
2024-04-25 14:03:33 Checking for update using Github
2024-04-25 14:03:33 Success.
2024-04-25 14:03:33 Latest version is 1.5.12
2024-04-25 14:03:33 App is up to date.
2024-04-25 15:03:33 Checking for update using Github
2024-04-25 15:03:33 Success.
2024-04-25 15:03:33 Latest version is 1.5.12
2024-04-25 15:03:33 App is up to date.
2024-04-25 16:03:33 Checking for update using Github
2024-04-25 16:03:33 Success.
2024-04-25 16:03:33 Latest version is 1.5.12
2024-04-25 16:03:33 App is up to date.
2024-04-25 17:03:33 Checking for update using Github
2024-04-25 17:03:33 Failed to check for update using Github (net::ERR_INTERNET_DISCONNECTED)
2024-04-25 17:03:33 Checking for update using obsidian.md
2024-04-25 17:03:33 Failed to check for update using obsidian.md (net::ERR_INTERNET_DISCONNECTED)
2024-04-25 18:03:33 Checking for update using Github
2024-04-25 18:03:33 Success.
2024-04-25 18:03:33 Latest version is 1.5.12
2024-04-25 18:03:33 App is up to date.
2024-04-25 19:03:33 Checking for update using Github
2024-04-25 19:03:33 Success.
2024-04-25 19:03:33 Latest version is 1.5.12
2024-04-25 19:03:33 App is up to date.
2024-04-25 20:03:33 Checking for update using Github
2024-04-25 20:03:33 Success.
2024-04-25 20:03:33 Latest version is 1.5.12
2024-04-25 20:03:33 App is up to date.
2024-04-25 21:03:33 Checking for update using Github
2024-04-25 21:03:33 Success.
2024-04-25 21:03:33 Latest version is 1.5.12
2024-04-25 21:03:33 App is up to date.
2024-04-25 22:03:33 Checking for update using Github
2024-04-25 22:03:33 Success.
2024-04-25 22:03:33 Latest version is 1.5.12
2024-04-25 22:03:33 App is up to date.
2024-04-25 23:03:33 Checking for update using Github
2024-04-25 23:03:33 Success.
2024-04-25 23:03:33 Latest version is 1.5.12
2024-04-25 23:03:33 App is up to date.
2024-04-26 00:03:33 Checking for update using Github
2024-04-26 00:03:33 Success.
2024-04-26 00:03:33 Latest version is 1.5.12
2024-04-26 00:03:33 App is up to date.
2024-04-26 14:43:57 Loading main app package /usr/lib/obsidian/obsidian.asar
2024-04-26 14:43:57 Checking for update using Github
2024-04-26 14:43:58 Success.
2024-04-26 14:43:58 Latest version is 1.5.12
2024-04-26 14:43:58 App is up to date.
2024-04-26 15:43:57 Checking for update using Github
2024-04-26 15:43:57 Success.
2024-04-26 15:43:57 Latest version is 1.5.12
2024-04-26 15:43:57 App is up to date.
2024-04-26 16:43:57 Checking for update using Github
2024-04-26 16:43:58 Success.
2024-04-26 16:43:58 Latest version is 1.5.12
2024-04-26 16:43:58 App is up to date.
2024-04-26 17:43:58 Checking for update using Github
2024-04-26 17:43:58 Success.
2024-04-26 17:43:58 Latest version is 1.5.12
2024-04-26 17:43:58 App is up to date.
2024-04-26 18:43:58 Checking for update using Github
2024-04-26 18:43:58 Success.
2024-04-26 18:43:58 Latest version is 1.5.12
2024-04-26 18:43:58 App is up to date.
2024-04-26 19:43:58 Checking for update using Github
2024-04-26 19:43:58 Success.
2024-04-26 19:43:58 Latest version is 1.5.12
2024-04-26 19:43:58 App is up to date.
2024-04-26 20:43:58 Checking for update using Github
2024-04-26 20:43:58 Success.
2024-04-26 20:43:58 Latest version is 1.5.12
2024-04-26 20:43:58 App is up to date.
2024-04-26 21:43:58 Checking for update using Github
2024-04-26 21:43:58 Success.
2024-04-26 21:43:58 Latest version is 1.5.12
2024-04-26 21:43:58 App is up to date.
2024-04-29 16:51:23 Loading main app package /usr/lib/obsidian/obsidian.asar
2024-04-29 16:51:23 Checking for update using Github
2024-04-29 16:51:23 Success.
2024-04-29 16:51:23 Latest version is 1.5.12
2024-04-29 16:51:23 App is up to date.
2024-04-29 17:51:23 Checking for update using Github
2024-04-29 17:51:27 Success.
2024-04-29 17:51:27 Latest version is 1.5.12
2024-04-29 17:51:27 App is up to date.
2024-04-29 18:51:23 Checking for update using Github
2024-04-29 18:51:23 Success.
2024-04-29 18:51:23 Latest version is 1.5.12
2024-04-29 18:51:23 App is up to date.
2024-04-29 19:51:23 Checking for update using Github
2024-04-29 19:51:23 Failed to check for update using Github (net::ERR_INTERNET_DISCONNECTED)
2024-04-29 19:51:23 Checking for update using obsidian.md
2024-04-29 19:51:23 Failed to check for update using obsidian.md (net::ERR_INTERNET_DISCONNECTED)
2024-04-29 20:51:23 Checking for update using Github
2024-04-29 20:51:23 Success.
2024-04-29 20:51:23 Latest version is 1.5.12
2024-04-29 20:51:23 App is up to date.
2024-04-29 21:51:23 Checking for update using Github
2024-04-29 21:51:23 Success.
2024-04-29 21:51:23 Latest version is 1.5.12
2024-04-29 21:51:23 App is up to date.
2024-04-29 22:51:23 Checking for update using Github
2024-04-29 22:51:23 Success.
2024-04-29 22:51:23 Latest version is 1.5.12
2024-04-29 22:51:23 App is up to date.
2024-04-29 23:51:23 Checking for update using Github
2024-04-29 23:51:23 Success.
2024-04-29 23:51:23 Latest version is 1.5.12
2024-04-29 23:51:23 App is up to date.
2024-05-02 11:41:22 Loading main app package /usr/lib/obsidian/obsidian.asar
2024-05-02 11:41:24 Checking for update using Github
2024-05-02 11:41:24 Success.
2024-05-02 11:41:24 Latest version is 1.5.12
2024-05-02 11:41:24 App is up to date.
2024-05-02 12:41:22 Checking for update using Github
2024-05-02 12:41:22 Success.
2024-05-02 12:41:22 Latest version is 1.5.12
2024-05-02 12:41:22 App is up to date.
2024-05-02 15:01:28 Loading main app package /usr/lib/obsidian/obsidian.asar
2024-05-02 15:01:30 Checking for update using Github
2024-05-02 15:01:31 Success.
2024-05-02 15:01:31 Latest version is 1.5.12
2024-05-02 15:01:31 App is up to date.
2024-05-02 16:01:28 Checking for update using Github
2024-05-02 16:01:28 Success.
2024-05-02 16:01:28 Latest version is 1.5.12
2024-05-02 16:01:28 App is up to date.
2024-05-02 17:01:28 Checking for update using Github
2024-05-02 17:01:29 Success.
2024-05-02 17:01:29 Latest version is 1.5.12
2024-05-02 17:01:29 App is up to date.
2024-05-02 18:01:29 Checking for update using Github
2024-05-02 18:01:29 Success.
2024-05-02 18:01:29 Latest version is 1.5.12
2024-05-02 18:01:29 App is up to date.
2024-05-02 19:01:29 Checking for update using Github
2024-05-02 19:01:29 Success.
2024-05-02 19:01:29 Latest version is 1.5.12
2024-05-02 19:01:29 App is up to date.
2024-05-02 20:01:29 Checking for update using Github
2024-05-02 20:01:29 Success.
2024-05-02 20:01:29 Latest version is 1.5.12
2024-05-02 20:01:29 App is up to date.
2024-05-02 21:01:29 Checking for update using Github
2024-05-02 21:01:29 Success.
2024-05-02 21:01:29 Latest version is 1.5.12
2024-05-02 21:01:29 App is up to date.
2024-05-02 22:01:29 Checking for update using Github
2024-05-02 22:01:29 Success.
2024-05-02 22:01:29 Latest version is 1.5.12
2024-05-02 22:01:29 App is up to date.
2024-05-07 11:29:17 Loading main app package /usr/lib/obsidian/obsidian.asar
2024-05-07 11:29:19 Checking for update using Github
2024-05-07 11:29:20 Success.
2024-05-07 11:29:20 Latest version is 1.5.12
2024-05-07 11:29:20 App is up to date.
2024-05-07 12:29:17 Checking for update using Github
2024-05-07 12:29:17 Success.
2024-05-07 12:29:17 Latest version is 1.5.12
2024-05-07 12:29:17 App is up to date.
2024-05-07 13:29:17 Checking for update using Github
2024-05-07 13:29:17 Failed to check for update using Github (net::ERR_INTERNET_DISCONNECTED)
2024-05-07 13:29:17 Checking for update using obsidian.md
2024-05-07 13:29:17 Failed to check for update using obsidian.md (net::ERR_INTERNET_DISCONNECTED)
2024-05-07 14:29:17 Checking for update using Github
2024-05-07 14:29:20 Failed to check for update using Github (net::ERR_INTERNET_DISCONNECTED)
2024-05-07 14:29:20 Checking for update using obsidian.md
2024-05-07 14:29:20 Failed to check for update using obsidian.md (net::ERR_INTERNET_DISCONNECTED)
2024-05-07 15:29:17 Checking for update using Github
2024-05-07 15:29:18 Success.
2024-05-07 15:29:18 Latest version is 1.5.12
2024-05-07 15:29:18 App is up to date.
2024-05-07 16:29:18 Checking for update using Github
2024-05-07 16:29:18 Success.
2024-05-07 16:29:18 Latest version is 1.5.12
2024-05-07 16:29:18 App is up to date.
2024-05-07 17:29:18 Checking for update using Github
2024-05-07 17:29:18 Success.
2024-05-07 17:29:18 Latest version is 1.5.12
2024-05-07 17:29:18 App is up to date.
2024-05-07 18:29:18 Checking for update using Github
2024-05-07 18:29:18 Success.
2024-05-07 18:29:18 Latest version is 1.5.12
2024-05-07 18:29:18 App is up to date.
2024-05-10 11:15:52 Loading main app package /usr/lib/obsidian/obsidian.asar
2024-05-10 11:15:54 Checking for update using Github
2024-05-10 11:15:55 Success.
2024-05-10 11:15:55 Latest version is 1.5.12
2024-05-10 11:15:55 App is up to date.
2024-05-10 12:15:52 Checking for update using Github
2024-05-10 12:15:52 Success.
2024-05-10 12:15:52 Latest version is 1.5.12
2024-05-10 12:15:52 App is up to date.
2024-05-10 13:15:52 Checking for update using Github
2024-05-10 13:15:52 Success.
2024-05-10 13:15:52 Latest version is 1.5.12
2024-05-10 13:15:52 App is up to date.
2024-05-10 14:15:52 Checking for update using Github
2024-05-10 14:15:53 Success.
2024-05-10 14:15:53 Latest version is 1.5.12
2024-05-10 14:15:53 App is up to date.
2024-05-10 15:15:53 Checking for update using Github
2024-05-10 15:15:53 Success.
2024-05-10 15:15:53 Latest version is 1.5.12
2024-05-10 15:15:53 App is up to date.
2024-05-10 16:15:53 Checking for update using Github
2024-05-10 16:15:53 Failed to check for update using Github (net::ERR_INTERNET_DISCONNECTED)
2024-05-10 16:15:53 Checking for update using obsidian.md
2024-05-10 16:15:53 Failed to check for update using obsidian.md (net::ERR_INTERNET_DISCONNECTED)
2024-05-10 17:15:53 Checking for update using Github
2024-05-10 17:15:53 Failed to check for update using Github (net::ERR_INTERNET_DISCONNECTED)
2024-05-10 17:15:53 Checking for update using obsidian.md
2024-05-10 17:15:53 Failed to check for update using obsidian.md (net::ERR_INTERNET_DISCONNECTED)
2024-05-10 18:15:53 Checking for update using Github
2024-05-10 18:15:53 Failed to check for update using Github (net::ERR_INTERNET_DISCONNECTED)
2024-05-10 18:15:53 Checking for update using obsidian.md
2024-05-10 18:15:53 Failed to check for update using obsidian.md (net::ERR_INTERNET_DISCONNECTED)
2024-05-10 19:15:53 Checking for update using Github
2024-05-10 19:15:53 Success.
2024-05-10 19:15:53 Latest version is 1.5.12
2024-05-10 19:15:53 App is up to date.
2024-05-10 20:15:53 Checking for update using Github
2024-05-10 20:15:53 Success.
2024-05-10 20:15:53 Latest version is 1.5.12
2024-05-10 20:15:53 App is up to date.
2024-05-11 12:40:39 Loading main app package /usr/lib/obsidian/obsidian.asar
2024-05-11 12:40:41 Checking for update using Github
2024-05-11 12:40:41 Success.
2024-05-11 12:40:41 Latest version is 1.5.12
2024-05-11 12:40:41 App is up to date.
2024-05-11 13:40:39 Checking for update using Github
2024-05-11 13:40:39 Success.
2024-05-11 13:40:39 Latest version is 1.5.12
2024-05-11 13:40:39 App is up to date.
2024-05-11 14:40:39 Checking for update using Github
2024-05-11 14:40:39 Success.
2024-05-11 14:40:39 Latest version is 1.5.12
2024-05-11 14:40:39 App is up to date.
2024-05-11 15:40:39 Checking for update using Github
2024-05-11 15:40:39 Success.
2024-05-11 15:40:39 Latest version is 1.5.12
2024-05-11 15:40:39 App is up to date.
2024-05-11 16:40:39 Checking for update using Github
2024-05-11 16:40:39 Success.
2024-05-11 16:40:39 Latest version is 1.5.12
2024-05-11 16:40:39 App is up to date.
2024-05-11 17:40:39 Checking for update using Github
2024-05-11 17:40:39 Success.
2024-05-11 17:40:39 Latest version is 1.5.12
2024-05-11 17:40:39 App is up to date.
2024-05-11 18:40:39 Checking for update using Github
2024-05-11 18:40:39 Success.
2024-05-11 18:40:39 Latest version is 1.5.12
2024-05-11 18:40:39 App is up to date.
2024-05-11 19:40:39 Checking for update using Github
2024-05-11 19:40:40 Success.
2024-05-11 19:40:40 Latest version is 1.5.12
2024-05-11 19:40:40 App is up to date.
2024-05-11 20:40:40 Checking for update using Github
2024-05-11 20:40:40 Success.
2024-05-11 20:40:40 Latest version is 1.5.12
2024-05-11 20:40:40 App is up to date.
2024-05-11 21:40:40 Checking for update using Github
2024-05-11 21:40:40 Success.
2024-05-11 21:40:40 Latest version is 1.5.12
2024-05-11 21:40:40 App is up to date.
2024-05-11 22:40:40 Checking for update using Github
2024-05-11 22:40:40 Success.
2024-05-11 22:40:40 Latest version is 1.5.12
2024-05-11 22:40:40 App is up to date.
2024-05-11 23:40:40 Checking for update using Github
2024-05-11 23:40:40 Success.
2024-05-11 23:40:40 Latest version is 1.5.12
2024-05-11 23:40:40 App is up to date.
2024-05-12 15:32:57 Loading main app package /usr/lib/obsidian/obsidian.asar
2024-05-12 15:32:59 Checking for update using Github
2024-05-12 15:33:00 Success.
2024-05-12 15:33:00 Latest version is 1.5.12
2024-05-12 15:33:00 App is up to date.
2024-05-24 12:42:37 Loading main app package /usr/lib/obsidian/obsidian.asar
2024-05-24 12:42:37 Checking for update using Github
2024-05-24 12:42:37 Success.
2024-05-24 12:42:37 Latest version is 1.5.12
2024-05-24 12:42:37 App is up to date.
2024-05-28 14:50:20 Loading main app package /usr/lib/obsidian/obsidian.asar
2024-05-28 14:50:20 Checking for update using Github
2024-05-28 14:50:20 Success.
2024-05-28 14:50:20 Latest version is 1.5.12
2024-05-28 14:50:20 App is up to date.
2024-05-28 15:50:20 Checking for update using Github
2024-05-28 15:50:20 Success.
2024-05-28 15:50:20 Latest version is 1.5.12
2024-05-28 15:50:20 App is up to date.
2024-05-29 07:13:50 Loading main app package /usr/lib/obsidian/obsidian.asar
2024-05-29 07:13:50 Checking for update using Github
2024-05-29 07:13:50 Success.
2024-05-29 07:13:50 Latest version is 1.5.12
2024-05-29 07:13:50 App is up to date.
2024-05-29 08:13:50 Checking for update using Github
2024-05-29 08:13:50 Success.
2024-05-29 08:13:50 Latest version is 1.5.12
2024-05-29 08:13:50 App is up to date.
2024-05-29 09:13:50 Checking for update using Github
2024-05-29 09:13:50 Success.
2024-05-29 09:13:50 Latest version is 1.5.12
2024-05-29 09:13:50 App is up to date.
2024-05-29 10:55:31 Loading main app package /usr/lib/obsidian/obsidian.asar
2024-05-29 10:55:31 Checking for update using Github
2024-05-29 10:55:31 Success.
2024-05-29 10:55:31 Latest version is 1.5.12
2024-05-29 10:55:31 App is up to date.
2024-05-29 11:55:31 Checking for update using Github
2024-05-29 11:55:31 Success.
2024-05-29 11:55:31 Latest version is 1.5.12
2024-05-29 11:55:31 App is up to date.
2024-05-29 12:55:31 Checking for update using Github
2024-05-29 12:55:31 Success.
2024-05-29 12:55:31 Latest version is 1.5.12
2024-05-29 12:55:31 App is up to date.
2024-05-30 12:40:34 Loading main app package /usr/lib/obsidian/obsidian.asar
2024-05-30 12:40:34 Checking for update using Github
2024-05-30 12:40:34 Success.
2024-05-30 12:40:34 Latest version is 1.5.12
2024-05-30 12:40:34 App is up to date.
2024-06-03 16:09:36 Loading main app package /usr/lib/obsidian/obsidian.asar
2024-06-03 16:09:36 Checking for update using Github
2024-06-03 16:09:37 Success.
2024-06-03 16:09:37 Latest version is 1.5.12
2024-06-03 16:09:37 App is up to date.
2024-06-03 17:09:36 Checking for update using Github
2024-06-03 17:09:36 Success.
2024-06-03 17:09:36 Latest version is 1.5.12
2024-06-03 17:09:36 App is up to date.
2024-06-03 18:09:36 Checking for update using Github
2024-06-03 18:09:36 Success.
2024-06-03 18:09:36 Latest version is 1.5.12
2024-06-03 18:09:36 App is up to date.
2024-06-03 19:09:37 Checking for update using Github
2024-06-03 19:09:37 Success.
2024-06-03 19:09:37 Latest version is 1.5.12
2024-06-03 19:09:37 App is up to date.
2024-06-03 20:09:37 Checking for update using Github
2024-06-03 20:09:37 Success.
2024-06-03 20:09:37 Latest version is 1.5.12
2024-06-03 20:09:37 App is up to date.
2024-06-04 14:18:15 Loading main app package /usr/lib/obsidian/obsidian.asar
2024-06-04 14:18:16 Checking for update using Github
2024-06-04 14:18:16 Success.
2024-06-04 14:18:16 Latest version is 1.5.12
2024-06-04 14:18:16 App is up to date.
