2024-05-23 10:38:39.529 [info] Added views:workbench.panel.markers.view in workbench.panel.markers
2024-05-23 10:38:39.529 [info] Added views:workbench.panel.output in workbench.panel.output
2024-05-23 10:38:39.529 [info] Added views:terminal in terminal
2024-05-23 10:38:39.529 [info] Added views:outline in workbench.view.explorer
2024-05-23 10:38:39.529 [info] Added views:workbench.scm in workbench.view.scm
2024-05-23 10:38:39.529 [info] Added views:workbench.view.search in workbench.view.search
2024-05-23 10:38:39.529 [info] Added views:timeline in workbench.view.explorer
2024-05-23 10:38:39.529 [info] Added views:workbench.explorer.emptyView in workbench.view.explorer
2024-05-23 10:38:40.387 [info] Added views:workbench.debug.variablesView,workbench.debug.watchExpressionsView,workbench.debug.callStackView,workbench.debug.breakPointsView in workbench.view.debug
2024-05-23 10:38:40.416 [info] Added views:workbench.panel.repl.view in workbench.panel.repl
2024-05-23 10:38:40.417 [info] Removed views:workbench.debug.breakPointsView,workbench.debug.callStackView,workbench.debug.watchExpressionsView,workbench.debug.variablesView from workbench.view.debug
2024-05-23 10:38:40.418 [info] Added views:workbench.debug.welcome in workbench.view.debug
2024-05-23 10:38:40.629 [info] Added views:~remote.forwardedPorts in ~remote.forwardedPortsContainer
2024-05-23 10:39:05.628 [info] Added views:workbench.panel.markers.view in workbench.panel.markers
2024-05-23 10:39:05.628 [info] Added views:workbench.panel.output in workbench.panel.output
2024-05-23 10:39:05.628 [info] Added views:terminal in terminal
2024-05-23 10:39:05.628 [info] Added views:outline in workbench.view.explorer
2024-05-23 10:39:05.628 [info] Added views:workbench.scm in workbench.view.scm
2024-05-23 10:39:05.628 [info] Added views:workbench.view.search in workbench.view.search
2024-05-23 10:39:05.628 [info] Added views:timeline in workbench.view.explorer
2024-05-23 10:39:05.628 [info] Added views:workbench.explorer.fileView in workbench.view.explorer
2024-05-23 10:39:06.026 [info] Added views:workbench.debug.variablesView,workbench.debug.watchExpressionsView,workbench.debug.callStackView,workbench.debug.breakPointsView in workbench.view.debug
2024-05-23 10:39:06.123 [info] Added views:~remote.forwardedPorts in ~remote.forwardedPortsContainer
2024-05-23 10:39:06.303 [info] Added views:workbench.panel.repl.view in workbench.panel.repl
2024-05-23 10:39:06.304 [info] Removed views:workbench.debug.breakPointsView,workbench.debug.callStackView,workbench.debug.watchExpressionsView,workbench.debug.variablesView from workbench.view.debug
2024-05-23 10:39:06.305 [info] Added views:workbench.debug.welcome in workbench.view.debug
2024-05-23 10:52:53.014 [info] Added views:workbench.views.extensions.installed,workbench.views.extensions.popular,extensions.recommendedList in workbench.view.extensions
2024-05-23 10:52:53.028 [info] Removed views:workbench.views.extensions.popular from workbench.view.extensions
2024-05-23 10:52:53.337 [info] Added views:workbench.views.extensions.popular in workbench.view.extensions
2024-05-23 10:52:55.526 [info] Removed views:extensions.recommendedList,workbench.views.extensions.popular,workbench.views.extensions.installed from workbench.view.extensions
2024-05-23 10:52:55.543 [info] Added views:workbench.views.extensions.marketplace in workbench.view.extensions
