2024-05-23 10:38:40.127 [info] Started initializing default profile extensions in extensions installation folder. file:///home/tesdap/.vscode-oss/extensions
2024-05-23 10:38:40.344 [warning] Failed to create default profile extensions manifest in extensions installation folder. file:///home/tesdap/.vscode-oss/extensions Unable to create file 'vscode-userdata:/home/tesdap/.vscode-oss/extensions/extensions.json' that already exists when overwrite flag is not set
2024-05-23 10:38:40.344 [info] Completed initializing default profile extensions in extensions installation folder. file:///home/tesdap/.vscode-oss/extensions
2024-05-23 10:53:01.950 [info] Getting Manifest... vue.volar
2024-05-23 10:53:02.147 [info] Installing extension: vue.volar
2024-05-23 10:53:03.372 [error] Could not load vsce-sign module Cannot find module '@vscode/vsce-sign'
Require stack:
- /usr/lib/code/out/bootstrap-amd.js
- /usr/lib/code/out/bootstrap-fork.js
2024-05-23 10:53:03.373 [info] Extension signature verification is not done: vue.volar
2024-05-23 10:53:03.494 [info] Extracted extension to file:///home/tesdap/.vscode-oss/extensions/vue.volar-2.0.17-universal: vue.volar
2024-05-23 10:53:03.508 [info] Renamed to /home/tesdap/.vscode-oss/extensions/vue.volar-2.0.17-universal
2024-05-23 10:53:03.510 [info] Extracting extension completed. vue.volar
2024-05-23 10:53:03.521 [info] Extension installed successfully: vue.volar
2024-05-23 10:53:03.598 [error] [uncaught exception in sharedProcess]: Error: ENOENT: no such file or directory, stat '/home/tesdap/.vscode-oss/extensions/extensions.json.vsctmp': EntryNotFound (FileSystemError): Error: ENOENT: no such file or directory, stat '/home/tesdap/.vscode-oss/extensions/extensions.json.vsctmp'
    at a.create (/usr/lib/code/out/vs/code/node/sharedProcess/sharedProcessMain.js:53:30019)
    at b (/usr/lib/code/out/vs/code/node/sharedProcess/sharedProcessMain.js:53:30130)
    at t.hb (/usr/lib/code/out/vs/code/node/sharedProcess/sharedProcessMain.js:58:36600)
    at t.stat (/usr/lib/code/out/vs/code/node/sharedProcess/sharedProcessMain.js:58:29040)
    at async $.stat (/usr/lib/code/out/vs/code/node/sharedProcess/sharedProcessMain.js:58:16186)
    at async J.sb (/usr/lib/code/out/vs/code/node/sharedProcess/sharedProcessMain.js:104:109501)
