2024-05-23 10:38:40.753 [info] Log level: Info
2024-05-23 10:38:40.753 [info] Validating found git in: "git"
2024-05-23 10:38:40.753 [info] Using git "2.45.1" from "git"
2024-05-23 10:39:08.176 [info] Log level: Info
2024-05-23 10:39:08.176 [info] Validating found git in: "git"
2024-05-23 10:39:08.176 [info] Using git "2.45.1" from "git"
2024-05-23 10:39:08.176 [info] > git rev-parse --show-toplevel [5ms]
2024-05-23 10:39:08.181 [info] > git rev-parse --git-dir --git-common-dir [2ms]
2024-05-23 10:39:08.193 [info] Open repository: /home/tesdap/code/haugskole/XT-Gates
2024-05-23 10:39:08.206 [info] > git config --get commit.template [5ms]
2024-05-23 10:39:08.208 [info] > git rev-parse --show-toplevel [4ms]
2024-05-23 10:39:08.216 [info] > git for-each-ref --format=%(refname)%00%(upstream:short)%00%(objectname)%00%(upstream:track)%00%(upstream:remotename)%00%(upstream:remoteref) refs/heads/main refs/remotes/main [5ms]
2024-05-23 10:39:08.218 [info] > git rev-parse --show-toplevel [3ms]
2024-05-23 10:39:08.229 [info] > git rev-parse --show-toplevel [7ms]
2024-05-23 10:39:08.234 [info] > git status -z -uall [7ms]
2024-05-23 10:39:08.253 [info] > git merge-base refs/heads/main refs/remotes/origin/main [13ms]
2024-05-23 10:39:08.259 [info] > git rev-parse --show-toplevel [25ms]
2024-05-23 10:39:08.265 [info] > git config --get commit.template [12ms]
2024-05-23 10:39:08.267 [info] > git rev-parse --show-toplevel [3ms]
2024-05-23 10:39:08.268 [info] > git rev-list --count --left-right refs/heads/main...refs/remotes/origin/main [10ms]
2024-05-23 10:39:08.329 [info] > git diff --name-status -z --diff-filter=ADMR 10274a733480f8e3f2b87698ccb37cfbcde305ea...refs/remotes/origin/main [57ms]
2024-05-23 10:39:08.332 [info] > git rev-parse --show-toplevel [4ms]
2024-05-23 10:39:08.333 [info] > git for-each-ref --format=%(refname)%00%(upstream:short)%00%(objectname)%00%(upstream:track)%00%(upstream:remotename)%00%(upstream:remoteref) refs/heads/main refs/remotes/main [7ms]
2024-05-23 10:39:08.344 [info] > git rev-parse --show-toplevel [8ms]
2024-05-23 10:39:08.350 [info] > git status -z -uall [7ms]
2024-05-23 10:39:08.352 [info] > git rev-parse --show-toplevel [4ms]
2024-05-23 10:39:08.358 [info] > git rev-parse --show-toplevel [2ms]
2024-05-23 10:39:08.364 [info] > git rev-parse --show-toplevel [2ms]
2024-05-23 10:39:08.369 [info] > git rev-parse --show-toplevel [2ms]
2024-05-23 10:39:08.756 [info] > git check-ignore -v -z --stdin [14ms]
2024-05-23 10:46:01.208 [info] > git check-ignore -v -z --stdin [2ms]
2024-05-23 10:46:08.117 [info] > git check-ignore -v -z --stdin [5ms]
2024-05-23 10:46:10.267 [info] > git show --textconv :stores/projects.js [6ms]
2024-05-23 10:46:10.271 [info] > git ls-files --stage -- /home/tesdap/code/haugskole/XT-Gates/stores/projects.js [5ms]
2024-05-23 10:46:10.277 [info] > git cat-file -s d640cbf56610e449f14fa91edfefebb2aa534a03 [2ms]
2024-05-23 10:46:18.655 [info] > git show --textconv :stores/tasks.js [8ms]
2024-05-23 10:46:18.656 [info] > git ls-files --stage -- /home/tesdap/code/haugskole/XT-Gates/stores/tasks.js [2ms]
2024-05-23 10:46:18.662 [info] > git cat-file -s f16be38d37a0a5335e4b7e36eb714c6d696adb06 [2ms]
2024-05-23 10:48:05.355 [info] > git show --textconv :stores/projects.js [13ms]
2024-05-23 10:48:05.359 [info] > git ls-files --stage -- /home/tesdap/code/haugskole/XT-Gates/stores/projects.js [5ms]
2024-05-23 10:48:05.374 [info] > git cat-file -s d640cbf56610e449f14fa91edfefebb2aa534a03 [5ms]
2024-05-23 10:48:29.373 [info] > git config --get commit.template [14ms]
2024-05-23 10:48:29.375 [info] > git for-each-ref --format=%(refname)%00%(upstream:short)%00%(objectname)%00%(upstream:track)%00%(upstream:remotename)%00%(upstream:remoteref) refs/heads/main refs/remotes/main [6ms]
2024-05-23 10:48:29.395 [info] > git status -z -uall [7ms]
2024-05-23 10:48:40.765 [info] > git config --get commit.template [14ms]
2024-05-23 10:48:40.767 [info] > git for-each-ref --format=%(refname)%00%(upstream:short)%00%(objectname)%00%(upstream:track)%00%(upstream:remotename)%00%(upstream:remoteref) refs/heads/main refs/remotes/main [5ms]
2024-05-23 10:48:40.787 [info] > git status -z -uall [9ms]
2024-05-23 10:49:02.822 [info] > git config --get commit.template [15ms]
2024-05-23 10:49:02.824 [info] > git for-each-ref --format=%(refname)%00%(upstream:short)%00%(objectname)%00%(upstream:track)%00%(upstream:remotename)%00%(upstream:remoteref) refs/heads/main refs/remotes/main [5ms]
2024-05-23 10:49:02.847 [info] > git status -z -uall [10ms]
2024-05-23 10:49:57.469 [info] > git config --get commit.template [6ms]
2024-05-23 10:49:57.470 [info] > git for-each-ref --format=%(refname)%00%(upstream:short)%00%(objectname)%00%(upstream:track)%00%(upstream:remotename)%00%(upstream:remoteref) refs/heads/main refs/remotes/main [2ms]
2024-05-23 10:49:57.477 [info] > git status -z -uall [2ms]
2024-05-23 10:51:07.281 [info] > git config --get commit.template [9ms]
2024-05-23 10:51:07.282 [info] > git for-each-ref --format=%(refname)%00%(upstream:short)%00%(objectname)%00%(upstream:track)%00%(upstream:remotename)%00%(upstream:remoteref) refs/heads/main refs/remotes/main [2ms]
2024-05-23 10:51:07.290 [info] > git status -z -uall [3ms]
2024-05-23 10:51:16.324 [info] > git show --textconv :stores/tasks.js [11ms]
2024-05-23 10:51:16.325 [info] > git ls-files --stage -- /home/tesdap/code/haugskole/XT-Gates/stores/tasks.js [5ms]
2024-05-23 10:51:16.331 [info] > git cat-file -s f16be38d37a0a5335e4b7e36eb714c6d696adb06 [2ms]
2024-05-23 10:51:53.062 [info] > git config --get commit.template [4ms]
2024-05-23 10:51:53.064 [info] > git for-each-ref --format=%(refname)%00%(upstream:short)%00%(objectname)%00%(upstream:track)%00%(upstream:remotename)%00%(upstream:remoteref) refs/heads/main refs/remotes/main [2ms]
2024-05-23 10:51:53.071 [info] > git status -z -uall [3ms]
2024-05-23 10:51:53.762 [info] > git show --textconv :stores/projects.js [13ms]
2024-05-23 10:51:53.763 [info] > git ls-files --stage -- /home/tesdap/code/haugskole/XT-Gates/stores/projects.js [2ms]
2024-05-23 10:51:53.770 [info] > git cat-file -s d640cbf56610e449f14fa91edfefebb2aa534a03 [2ms]
2024-05-23 10:51:58.086 [info] > git config --get commit.template [5ms]
2024-05-23 10:51:58.088 [info] > git for-each-ref --format=%(refname)%00%(upstream:short)%00%(objectname)%00%(upstream:track)%00%(upstream:remotename)%00%(upstream:remoteref) refs/heads/main refs/remotes/main [2ms]
2024-05-23 10:51:58.096 [info] > git status -z -uall [3ms]
2024-05-23 10:52:05.321 [info] > git config --get commit.template [5ms]
2024-05-23 10:52:05.322 [info] > git for-each-ref --format=%(refname)%00%(upstream:short)%00%(objectname)%00%(upstream:track)%00%(upstream:remotename)%00%(upstream:remoteref) refs/heads/main refs/remotes/main [1ms]
2024-05-23 10:52:05.329 [info] > git status -z -uall [2ms]
2024-05-23 10:52:13.748 [info] > git config --get commit.template [4ms]
2024-05-23 10:52:13.749 [info] > git for-each-ref --format=%(refname)%00%(upstream:short)%00%(objectname)%00%(upstream:track)%00%(upstream:remotename)%00%(upstream:remoteref) refs/heads/main refs/remotes/main [1ms]
2024-05-23 10:52:13.755 [info] > git status -z -uall [2ms]
2024-05-23 10:52:33.538 [info] > git check-ignore -v -z --stdin [1ms]
2024-05-23 10:52:35.485 [info] > git check-ignore -v -z --stdin [5ms]
2024-05-23 10:52:36.238 [info] > git show --textconv :pages/projectList/[id].vue [1ms]
2024-05-23 10:52:36.248 [info] > git ls-files --stage -- /home/tesdap/code/haugskole/XT-Gates/pages/projectList/[id].vue [1ms]
2024-05-23 10:52:36.256 [info] > git cat-file -s d19e24cdfe1cfaa275418cb27cc2487fb72b500f [2ms]
2024-05-23 10:52:52.068 [info] > git merge-base refs/heads/main refs/remotes/origin/main [2ms]
2024-05-23 10:52:52.074 [info] > git rev-list --count --left-right refs/heads/main...refs/remotes/origin/main [2ms]
2024-05-23 10:53:06.023 [info] > git show --textconv :pages/projectList/[id].vue [10ms]
2024-05-23 10:53:06.023 [info] > git ls-files --stage -- /home/tesdap/code/haugskole/XT-Gates/pages/projectList/[id].vue [1ms]
2024-05-23 10:53:06.032 [info] > git cat-file -s d19e24cdfe1cfaa275418cb27cc2487fb72b500f [2ms]
2024-05-23 10:53:28.069 [info] > git config --get commit.template [1ms]
2024-05-23 10:53:28.075 [info] > git for-each-ref --format=%(refname)%00%(upstream:short)%00%(objectname)%00%(upstream:track)%00%(upstream:remotename)%00%(upstream:remoteref) refs/heads/main refs/remotes/main [2ms]
2024-05-23 10:53:28.083 [info] > git status -z -uall [3ms]
2024-05-23 10:53:29.873 [info] > git show --textconv :stores/tasks.js [11ms]
2024-05-23 10:53:29.874 [info] > git ls-files --stage -- /home/tesdap/code/haugskole/XT-Gates/stores/tasks.js [2ms]
2024-05-23 10:53:29.884 [info] > git cat-file -s f16be38d37a0a5335e4b7e36eb714c6d696adb06 [3ms]
2024-05-23 10:53:32.415 [info] > git show --textconv :pages/projectList/[id].vue [11ms]
2024-05-23 10:53:32.417 [info] > git ls-files --stage -- /home/tesdap/code/haugskole/XT-Gates/pages/projectList/[id].vue [3ms]
2024-05-23 10:53:32.425 [info] > git cat-file -s d19e24cdfe1cfaa275418cb27cc2487fb72b500f [2ms]
2024-05-23 10:53:42.737 [info] > git config --get commit.template [7ms]
2024-05-23 10:53:42.739 [info] > git for-each-ref --format=%(refname)%00%(upstream:short)%00%(objectname)%00%(upstream:track)%00%(upstream:remotename)%00%(upstream:remoteref) refs/heads/main refs/remotes/main [3ms]
2024-05-23 10:53:42.748 [info] > git status -z -uall [2ms]
2024-05-23 10:53:43.109 [info] > git show --textconv :stores/tasks.js [10ms]
2024-05-23 10:53:43.110 [info] > git ls-files --stage -- /home/tesdap/code/haugskole/XT-Gates/stores/tasks.js [3ms]
2024-05-23 10:53:43.119 [info] > git cat-file -s f16be38d37a0a5335e4b7e36eb714c6d696adb06 [2ms]
2024-05-23 10:53:47.763 [info] > git config --get commit.template [5ms]
2024-05-23 10:53:47.765 [info] > git for-each-ref --format=%(refname)%00%(upstream:short)%00%(objectname)%00%(upstream:track)%00%(upstream:remotename)%00%(upstream:remoteref) refs/heads/main refs/remotes/main [2ms]
2024-05-23 10:53:47.773 [info] > git status -z -uall [3ms]
2024-05-23 10:53:56.814 [info] > git show --textconv :pages/projectList/[id].vue [8ms]
2024-05-23 10:53:56.816 [info] > git ls-files --stage -- /home/tesdap/code/haugskole/XT-Gates/pages/projectList/[id].vue [2ms]
2024-05-23 10:53:56.823 [info] > git cat-file -s d19e24cdfe1cfaa275418cb27cc2487fb72b500f [2ms]
2024-05-23 10:54:01.197 [info] > git config --get commit.template [2ms]
2024-05-23 10:54:01.203 [info] > git for-each-ref --format=%(refname)%00%(upstream:short)%00%(objectname)%00%(upstream:track)%00%(upstream:remotename)%00%(upstream:remoteref) refs/heads/main refs/remotes/main [2ms]
2024-05-23 10:54:01.211 [info] > git status -z -uall [3ms]
2024-05-23 10:54:04.837 [info] > git show --textconv :stores/projects.js [7ms]
2024-05-23 10:54:04.838 [info] > git ls-files --stage -- /home/tesdap/code/haugskole/XT-Gates/stores/projects.js [1ms]
2024-05-23 10:54:04.843 [info] > git cat-file -s d640cbf56610e449f14fa91edfefebb2aa534a03 [1ms]
2024-05-23 10:54:12.037 [info] > git config --get commit.template [4ms]
2024-05-23 10:54:12.039 [info] > git for-each-ref --format=%(refname)%00%(upstream:short)%00%(objectname)%00%(upstream:track)%00%(upstream:remotename)%00%(upstream:remoteref) refs/heads/main refs/remotes/main [2ms]
2024-05-23 10:54:12.046 [info] > git status -z -uall [3ms]
2024-05-23 11:05:43.986 [info] > git config --get commit.template [7ms]
2024-05-23 11:05:43.994 [info] > git ls-files --stage -- /home/tesdap/code/haugskole/XT-Gates/stores/projects.js [9ms]
2024-05-23 11:05:44.000 [info] > git for-each-ref --format=%(refname)%00%(upstream:short)%00%(objectname)%00%(upstream:track)%00%(upstream:remotename)%00%(upstream:remoteref) refs/heads/floatfix refs/remotes/floatfix [7ms]
2024-05-23 11:05:44.006 [info] > git cat-file -s 92a79dd3318d565226d642b17090be41ece78b83 [7ms]
2024-05-23 11:05:44.010 [info] > git status -z -uall [4ms]
2024-05-23 11:05:44.020 [info] > git merge-base refs/heads/floatfix refs/remotes/origin/floatfix [3ms]
2024-05-23 11:05:44.035 [info] > git rev-list --count --left-right refs/heads/floatfix...refs/remotes/origin/floatfix [8ms]
2024-05-23 11:05:44.044 [info] > git show --textconv :stores/projects.js [10ms]
2024-05-23 11:05:44.046 [info] > git diff --name-status -z --diff-filter=ADMR fe724e0a24ceaf570e3fb5a7aefe16bda88994e6...refs/remotes/origin/floatfix [2ms]
2024-05-23 11:05:55.693 [info] > git config --get commit.template [8ms]
2024-05-23 11:05:55.699 [info] > git ls-files --stage -- /home/tesdap/code/haugskole/XT-Gates/stores/projects.js [7ms]
2024-05-23 11:05:55.705 [info] > git for-each-ref --format=%(refname)%00%(upstream:short)%00%(objectname)%00%(upstream:track)%00%(upstream:remotename)%00%(upstream:remoteref) refs/heads/236-id-henter-fra-databasen refs/remotes/236-id-henter-fra-databasen [7ms]
2024-05-23 11:05:55.711 [info] > git cat-file -s d640cbf56610e449f14fa91edfefebb2aa534a03 [7ms]
2024-05-23 11:05:55.713 [info] > git status -z -uall [3ms]
2024-05-23 11:05:55.721 [info] > git merge-base refs/heads/236-id-henter-fra-databasen refs/remotes/origin/236-id-henter-fra-databasen [3ms]
2024-05-23 11:05:55.733 [info] > git rev-list --count --left-right refs/heads/236-id-henter-fra-databasen...refs/remotes/origin/236-id-henter-fra-databasen [6ms]
2024-05-23 11:05:55.739 [info] > git show --textconv :stores/projects.js [7ms]
2024-05-23 11:05:55.741 [info] > git diff --name-status -z --diff-filter=ADMR 10274a733480f8e3f2b87698ccb37cfbcde305ea...refs/remotes/origin/236-id-henter-fra-databasen [2ms]
2024-05-23 11:05:59.911 [info] > git show --textconv :pages/projectList/[id].vue [10ms]
2024-05-23 11:05:59.913 [info] > git ls-files --stage -- /home/tesdap/code/haugskole/XT-Gates/pages/projectList/[id].vue [3ms]
2024-05-23 11:05:59.921 [info] > git cat-file -s d19e24cdfe1cfaa275418cb27cc2487fb72b500f [2ms]
2024-05-23 11:06:00.755 [info] > git config --get commit.template [18ms]
2024-05-23 11:06:00.760 [info] > git for-each-ref --format=%(refname)%00%(upstream:short)%00%(objectname)%00%(upstream:track)%00%(upstream:remotename)%00%(upstream:remoteref) refs/heads/236-id-henter-fra-databasen refs/remotes/236-id-henter-fra-databasen [7ms]
2024-05-23 11:06:00.775 [info] > git status -z -uall [5ms]
2024-05-23 11:07:09.525 [info] > git ls-files --stage -- /home/tesdap/code/haugskole/XT-Gates/pages/projectList/index.vue [2ms]
2024-05-23 11:07:09.531 [info] > git show --textconv :pages/projectList/index.vue [13ms]
2024-05-23 11:07:09.532 [info] > git cat-file -s 887c26d7f56858277a67773480b941b7bffd7058 [2ms]
2024-05-23 11:07:23.256 [info] > git show --textconv :pages/projectList/[id].vue [11ms]
2024-05-23 11:07:23.257 [info] > git ls-files --stage -- /home/tesdap/code/haugskole/XT-Gates/pages/projectList/[id].vue [2ms]
2024-05-23 11:07:23.263 [info] > git cat-file -s d19e24cdfe1cfaa275418cb27cc2487fb72b500f [1ms]
2024-05-23 11:07:32.984 [info] > git config --get commit.template [5ms]
2024-05-23 11:07:32.986 [info] > git for-each-ref --format=%(refname)%00%(upstream:short)%00%(objectname)%00%(upstream:track)%00%(upstream:remotename)%00%(upstream:remoteref) refs/heads/236-id-henter-fra-databasen refs/remotes/236-id-henter-fra-databasen [2ms]
2024-05-23 11:07:32.994 [info] > git status -z -uall [3ms]
2024-05-23 11:08:58.365 [info] > git config --get commit.template [8ms]
2024-05-23 11:08:58.366 [info] > git for-each-ref --format=%(refname)%00%(upstream:short)%00%(objectname)%00%(upstream:track)%00%(upstream:remotename)%00%(upstream:remoteref) refs/heads/236-id-henter-fra-databasen refs/remotes/236-id-henter-fra-databasen [2ms]
2024-05-23 11:08:58.377 [info] > git status -z -uall [4ms]
2024-05-23 11:11:11.539 [info] > git config --get commit.template [7ms]
2024-05-23 11:11:11.540 [info] > git for-each-ref --format=%(refname)%00%(upstream:short)%00%(objectname)%00%(upstream:track)%00%(upstream:remotename)%00%(upstream:remoteref) refs/heads/236-id-henter-fra-databasen refs/remotes/236-id-henter-fra-databasen [2ms]
2024-05-23 11:11:11.548 [info] > git status -z -uall [2ms]
2024-05-23 11:11:39.385 [info] > git config --get commit.template [6ms]
2024-05-23 11:11:39.386 [info] > git for-each-ref --format=%(refname)%00%(upstream:short)%00%(objectname)%00%(upstream:track)%00%(upstream:remotename)%00%(upstream:remoteref) refs/heads/236-id-henter-fra-databasen refs/remotes/236-id-henter-fra-databasen [1ms]
2024-05-23 11:11:39.394 [info] > git status -z -uall [2ms]
2024-05-23 11:11:56.440 [info] > git config --get commit.template [6ms]
2024-05-23 11:11:56.441 [info] > git for-each-ref --format=%(refname)%00%(upstream:short)%00%(objectname)%00%(upstream:track)%00%(upstream:remotename)%00%(upstream:remoteref) refs/heads/236-id-henter-fra-databasen refs/remotes/236-id-henter-fra-databasen [2ms]
2024-05-23 11:11:56.450 [info] > git status -z -uall [3ms]
2024-05-23 11:12:09.564 [info] > git show --textconv :stores/projects.js [7ms]
2024-05-23 11:12:09.565 [info] > git ls-files --stage -- /home/tesdap/code/haugskole/XT-Gates/stores/projects.js [2ms]
2024-05-23 11:12:09.572 [info] > git cat-file -s d640cbf56610e449f14fa91edfefebb2aa534a03 [2ms]
2024-05-23 11:12:25.213 [info] > git show --textconv :pages/projectList/index.vue [9ms]
2024-05-23 11:12:25.214 [info] > git ls-files --stage -- /home/tesdap/code/haugskole/XT-Gates/pages/projectList/index.vue [2ms]
2024-05-23 11:12:25.222 [info] > git cat-file -s 887c26d7f56858277a67773480b941b7bffd7058 [2ms]
2024-05-23 11:12:27.170 [info] > git show --textconv :stores/tasks.js [13ms]
2024-05-23 11:12:27.171 [info] > git ls-files --stage -- /home/tesdap/code/haugskole/XT-Gates/stores/tasks.js [2ms]
2024-05-23 11:12:27.182 [info] > git cat-file -s f16be38d37a0a5335e4b7e36eb714c6d696adb06 [3ms]
2024-05-23 11:13:58.583 [info] > git show --textconv :stores/projects.js [22ms]
2024-05-23 11:13:58.585 [info] > git ls-files --stage -- /home/tesdap/code/haugskole/XT-Gates/stores/projects.js [5ms]
2024-05-23 11:13:58.598 [info] > git cat-file -s d640cbf56610e449f14fa91edfefebb2aa534a03 [3ms]
2024-05-23 11:14:17.742 [info] > git show --textconv :pages/projectList/[id].vue [12ms]
2024-05-23 11:14:17.744 [info] > git ls-files --stage -- /home/tesdap/code/haugskole/XT-Gates/pages/projectList/[id].vue [3ms]
2024-05-23 11:14:17.753 [info] > git cat-file -s d19e24cdfe1cfaa275418cb27cc2487fb72b500f [2ms]
2024-05-23 11:16:36.538 [info] > git show --textconv :stores/tasks.js [10ms]
2024-05-23 11:16:36.540 [info] > git ls-files --stage -- /home/tesdap/code/haugskole/XT-Gates/stores/tasks.js [3ms]
2024-05-23 11:16:36.550 [info] > git cat-file -s f16be38d37a0a5335e4b7e36eb714c6d696adb06 [2ms]
